 DnaSP  Ver. 6.12.01                        02 - December - 2018  6:28:18 PM
 ===========================================================================


 DNA Polymorphism
 ----------------

 Input Data File: C:\...\mtDNA_haplotypes.fasta
 Population used: Xiang
    Number of sequences used: 8
 Selected region: 1-685   Number of sites: 685
 Total number of sites (excluding sites with gaps / missing data): 685

 Number of polymorphic (segregating) sites, S: 8
 Total number of mutations, Eta: 8

 Number of Haplotypes, h: 7
 Haplotype (gene) diversity, Hd: 0.964
    Variance of Haplotype diversity: 0.00596
       Standard Deviation of Haplotype diversity: 0.077

 Nucleotide diversity, Pi: 0.00391
 Theta (per site) from Eta: 0.00450

 Theta (per site) from S, Theta-W: 0.00450
    Variance of theta (no recombination): 0.0000058
       Standard deviation of theta (no recombination): 0.00241
    Variance of theta (free recombination): 0.0000025
       Standard deviation of theta (free recombination): 0.00159

 Finite Sites Model 
    Theta (per site) from Pi: 0.00393
    Theta (per site) from S: 0.00454
    Theta (per site) from Eta: 0.00453

 Average number of nucleotide differences, k: 2.679
    Stochastic variance of k (no recombination), Vst(k): 1.925
    Sampling variance of k (no recombination), Vs(k): 0.605
       Total variance of k (no recombination), V(k): 2.530
    Stochastic variance of k (free recombination), Vst(k): 0.893
    Sampling variance of k (free recombination), Vs(k): 0.255
       Total variance of k (free recombination), V(k): 1.148

 Theta (per sequence) from S, Theta-W: 3.085
    Variance of theta (no recombination): 2.719
    Variance of theta (free recombination): 1.190

