 DnaSP  Ver. 6.12.01                        02 - December - 2018  6:29:40 PM
 ===========================================================================


 DNA Polymorphism
 ----------------

 Input Data File: C:\...\mtDNA_haplotypes.fasta
 Population used: Hu
    Number of sequences used: 7
 Selected region: 1-685   Number of sites: 685
 Total number of sites (excluding sites with gaps / missing data): 685

 Number of polymorphic (segregating) sites, S: 2
 Total number of mutations, Eta: 2

 Number of Haplotypes, h: 2
 Haplotype (gene) diversity, Hd: 0.571
    Variance of Haplotype diversity: 0.01428
       Standard Deviation of Haplotype diversity: 0.119

 Nucleotide diversity, Pi: 0.00167
 Theta (per site) from Eta: 0.00119

 Theta (per site) from S, Theta-W: 0.00119
    Variance of theta (no recombination): 0.0000009
       Standard deviation of theta (no recombination): 0.00092
    Variance of theta (free recombination): 0.0000007
       Standard deviation of theta (free recombination): 0.00084

 Finite Sites Model 
    Theta (per site) from Pi: 0.00167
    Theta (per site) from S: 0.00119
    Theta (per site) from Eta: 0.00119

 Average number of nucleotide differences, k: 1.143
    Stochastic variance of k (no recombination), Vst(k): 0.516
    Sampling variance of k (no recombination), Vs(k): 0.182
       Total variance of k (no recombination), V(k): 0.698
    Stochastic variance of k (free recombination), Vst(k): 0.381
    Sampling variance of k (free recombination), Vs(k): 0.127
       Total variance of k (free recombination), V(k): 0.508

 Theta (per sequence) from S, Theta-W: 0.816
    Variance of theta (no recombination): 0.400
    Variance of theta (free recombination): 0.333

